2026-01-24T22:55:01 | touched: LICENSE
2026-01-13T12:15:43 | touched: hardhat.config.js
2026-01-02T23:55:36 | touched: contracts/Linkinfurascan.sol
2026-01-05T09:11:24 | touched: hardhat.config.js
2025-06-30T23:34:03 | touched: scripts/frontend-integration.js
2025-05-07T16:13:21 | touched: scripts/api-server.js
2025-06-17T20:43:41 | touched: scripts/deploy.js
2025-10-06T19:18:05 | touched: scripts/interact.js
2026-01-29T15:33:37 | touched: package.json
2026-01-30T15:38:17 | touched: package.json
2025-03-24T07:21:25 | touched: hardhat.config.js
2026-01-04T11:00:06 | touched: test/Linkinfurascan.test.js
2025-12-02T15:46:35 | touched: contracts/Linkinfurascan.sol
2025-02-25T20:40:01 | touched: README.md
2025-11-13T23:12:07 | touched: README.md
2026-02-05T16:33:41 | touched: contracts/Linkinfurascan.sol
2025-07-07T02:00:02 | touched: hardhat.config.js
2025-10-18T18:42:46 | touched: hardhat.config.js
2025-10-06T23:34:31 | touched: hardhat.config.js
2026-01-05T01:21:30 | touched: scripts/interact.js
2026-01-03T02:40:10 | touched: README.md
2025-12-19T17:58:29 | touched: scripts/deploy.js
2026-01-30T17:24:37 | touched: scripts/cli.js
2026-02-06T02:29:18 | touched: scripts/deploy.js
2025-03-10T01:52:02 | touched: package.json
2025-07-31T02:33:02 | touched: scripts/frontend-integration.js
2025-10-17T05:21:26 | touched: .env.example
2025-03-07T06:15:18 | touched: contracts/Linkinfurascan.sol
2025-07-22T04:49:02 | touched: test/Linkinfurascan.test.js
2025-04-17T11:38:12 | touched: contracts/Linkinfurascan.sol
2025-10-13T18:51:56 | touched: scripts/interact.js
